<?xml version="1.0" encoding="UTF-8"?>
<!-- Generated by org.testng.reporters.JUnitReportReporter -->
<testsuite skipped="0" hostname="MHLAB2C568-07" name="Test.AddCategoryTest" tests="1" failures="0" timestamp="16 Mar 2021 03:23:08 GMT" time="3.733" errors="0">
  <testcase name="CategoryShoulBeCreated" time="3.733" classname="Test.AddCategoryTest"/>
</testsuite> <!-- Test.AddCategoryTest -->
