<?xml version="1.0" encoding="UTF-8"?>
<!-- Generated by org.testng.reporters.JUnitReportReporter -->
<testsuite skipped="0" hostname="MHLAB2C568-07" name="Test.SelectMonthTest" tests="1" failures="0" timestamp="2021-03-18T14:48:53 CDT" time="5.841" errors="0">
  <testcase name="validatemonths" time="5.841" classname="Test.SelectMonthTest"/>
  <system-out/>
</testsuite> <!-- Test.SelectMonthTest -->
