<?xml version="1.0" encoding="UTF-8"?>
<!-- Generated by org.testng.reporters.JUnitReportReporter -->
<testsuite skipped="0" hostname="MHLAB2C568-07" name="Test.DuplicateNameTest" tests="1" failures="0" timestamp="2021-03-17T11:58:31 CDT" time="4.742" errors="0">
  <testcase name="CategoryShouldNotBeCreated" time="4.742" classname="Test.DuplicateNameTest"/>
  <system-out/>
</testsuite> <!-- Test.DuplicateNameTest -->
